<?xml version="1.0" encoding="utf-8"?><testsuite errors="0" failures="0" name="pytest" skipped="0" tests="3" time="2.023"><testcase classname="test_categories.yml" file="test_categories.yml" name="test_categories.yml0" time="1.036"><properties><property name="categories_time" value="0.5207087993621826"/></properties><system-out>{&apos;expression&apos;: &quot;&apos;dev&apos; in response.json()&quot;, &apos;property_name&apos;: &apos;categories_time&apos;, &apos;provider&apos;: &apos;play_requests&apos;, &apos;type&apos;: &apos;GET&apos;, &apos;url&apos;: &apos;https://api.chucknorris.io/jokes/categories&apos;, &apos;_elapsed&apos;: 0.5207087993621826}
{&apos;comment&apos;: &apos;you can make an assertion against the categories_time&apos;, &apos;expression&apos;: &quot;variables[&apos;categories_time&apos;] &lt; 2.5&quot;, &apos;provider&apos;: &apos;python&apos;, &apos;type&apos;: &apos;assert&apos;, &apos;_elapsed&apos;: 0.0006732940673828125}
</system-out></testcase><testcase classname="test_categories.yml" file="test_categories.yml" name="test_categories.yml1" time="0.419"><properties><property name="categories_time" value="0.36014437675476074"/></properties><system-out>{&apos;expression&apos;: &quot;&apos;movie&apos; in response.json()&quot;, &apos;property_name&apos;: &apos;categories_time&apos;, &apos;provider&apos;: &apos;play_requests&apos;, &apos;type&apos;: &apos;GET&apos;, &apos;url&apos;: &apos;https://api.chucknorris.io/jokes/categories&apos;, &apos;_elapsed&apos;: 0.36014437675476074}
{&apos;comment&apos;: &apos;you can make an assertion against the categories_time&apos;, &apos;expression&apos;: &quot;variables[&apos;categories_time&apos;] &lt; 2.5&quot;, &apos;provider&apos;: &apos;python&apos;, &apos;type&apos;: &apos;assert&apos;, &apos;_elapsed&apos;: 0.0008015632629394531}
</system-out></testcase><testcase classname="test_categories.yml" file="test_categories.yml" name="test_categories.yml2" time="0.505"><properties><property name="categories_time" value="0.44560670852661133"/></properties><system-out>{&apos;expression&apos;: &quot;&apos;food&apos; in response.json()&quot;, &apos;property_name&apos;: &apos;categories_time&apos;, &apos;provider&apos;: &apos;play_requests&apos;, &apos;type&apos;: &apos;GET&apos;, &apos;url&apos;: &apos;https://api.chucknorris.io/jokes/categories&apos;, &apos;_elapsed&apos;: 0.44560670852661133}
{&apos;comment&apos;: &apos;you can make an assertion against the categories_time&apos;, &apos;expression&apos;: &quot;variables[&apos;categories_time&apos;] &lt; 2.5&quot;, &apos;provider&apos;: &apos;python&apos;, &apos;type&apos;: &apos;assert&apos;, &apos;_elapsed&apos;: 0.0005669593811035156}
</system-out></testcase></testsuite>