<?xml version="1.0" encoding="utf-8"?><testsuite errors="0" failures="0" name="pytest" skipped="0" tests="3" time="2.346"><testcase classname="test_categories.yml" file="test_categories.yml" name="test_categories.yml0" time="0.978"><system-out>{&apos;custom_property&apos;: &apos;categories_time&apos;, &apos;expression&apos;: &quot;&apos;dev&apos; in response.json()&quot;, &apos;provider&apos;: &apos;play_requests&apos;, &apos;type&apos;: &apos;GET&apos;, &apos;url&apos;: &apos;https://api.chucknorris.io/jokes/categories&apos;, &apos;_elapsed&apos;: 0.6595666408538818}
</system-out></testcase><testcase classname="test_categories.yml" file="test_categories.yml" name="test_categories.yml1" time="0.630"><system-out>{&apos;custom_property&apos;: &apos;categories_time&apos;, &apos;expression&apos;: &quot;&apos;dev&apos; in response.json()&quot;, &apos;provider&apos;: &apos;play_requests&apos;, &apos;type&apos;: &apos;GET&apos;, &apos;url&apos;: &apos;https://api.chucknorris.io/jokes/categories&apos;, &apos;_elapsed&apos;: 0.5906541347503662}
</system-out></testcase><testcase classname="test_categories.yml" file="test_categories.yml" name="test_categories.yml2" time="0.693"><system-out>{&apos;custom_property&apos;: &apos;categories_time&apos;, &apos;expression&apos;: &quot;&apos;dev&apos; in response.json()&quot;, &apos;provider&apos;: &apos;play_requests&apos;, &apos;type&apos;: &apos;GET&apos;, &apos;url&apos;: &apos;https://api.chucknorris.io/jokes/categories&apos;, &apos;_elapsed&apos;: 0.6443305015563965}
</system-out></testcase></testsuite>