<?xml version="1.0" encoding="utf-8"?><testsuite errors="0" failures="0" name="pytest" skipped="0" tests="1" time="20.235"><testcase classname="test_github.yml" file="test_github.yml" name="test_github.yml" time="19.992"><properties><property name="be_time" value="162"/><property name="fe_time" value="1318"/></properties><system-out>{&apos;provider&apos;: &apos;selenium&apos;, &apos;type&apos;: &apos;get&apos;, &apos;url&apos;: &apos;https://github.com/pytest-dev/pytest-play&apos;, &apos;_elapsed&apos;: 15.063689708709717}
{&apos;provider&apos;: &apos;selenium&apos;, &apos;script&apos;: &quot;document.readyState === &apos;complete&apos;&quot;, &apos;type&apos;: &apos;waitUntilCondition&apos;, &apos;_elapsed&apos;: 0.1267225742340088}
{&apos;provider&apos;: &apos;selenium&apos;, &apos;script&apos;: &apos;window.performance.timing.responseStart - window.performance.timing.navigationStart&apos;, &apos;type&apos;: &apos;storeEval&apos;, &apos;variable&apos;: &apos;be_time&apos;, &apos;_elapsed&apos;: 0.05862832069396973}
{&apos;provider&apos;: &apos;selenium&apos;, &apos;script&apos;: &apos;window.performance.timing.domComplete - window.performance.timing.responseStart&apos;, &apos;type&apos;: &apos;storeEval&apos;, &apos;variable&apos;: &apos;fe_time&apos;, &apos;_elapsed&apos;: 0.06083345413208008}
{&apos;expression&apos;: &quot;variables[&apos;be_time&apos;]&quot;, &apos;provider&apos;: &apos;python&apos;, &apos;type&apos;: &apos;exec&apos;, &apos;_elapsed&apos;: 0.0007214546203613281}
{&apos;expression&apos;: &quot;variables[&apos;be_time&apos;]&quot;, &apos;name&apos;: &apos;be_time&apos;, &apos;provider&apos;: &apos;metrics&apos;, &apos;type&apos;: &apos;record_property&apos;, &apos;_elapsed&apos;: 0.013604164123535156}
{&apos;expression&apos;: &quot;variables[&apos;fe_time&apos;]&quot;, &apos;provider&apos;: &apos;python&apos;, &apos;type&apos;: &apos;exec&apos;, &apos;_elapsed&apos;: 0.0007176399230957031}
{&apos;expression&apos;: &quot;variables[&apos;fe_time&apos;]&quot;, &apos;name&apos;: &apos;fe_time&apos;, &apos;provider&apos;: &apos;metrics&apos;, &apos;type&apos;: &apos;record_property&apos;, &apos;_elapsed&apos;: 0.013285160064697266}
</system-out></testcase></testsuite>