<?xml version="1.0" encoding="utf-8"?><testsuite errors="0" failures="0" name="pytest" skipped="0" tests="1" time="13.650"><testcase classname="test_search.yml" file="test_search.yml" name="test_search.yml" time="13.580"><properties><property name="load_time" value="1.1175920963287354"/><property name="live_search_time" value="1.0871295928955078"/></properties><system-out>{&apos;provider&apos;: &apos;selenium&apos;, &apos;type&apos;: &apos;get&apos;, &apos;url&apos;: &apos;https://www.plone-demo.info/&apos;, &apos;_elapsed&apos;: 9.593282461166382}
{&apos;name&apos;: &apos;load_time&apos;, &apos;provider&apos;: &apos;metrics&apos;, &apos;type&apos;: &apos;record_elapsed_start&apos;, &apos;_elapsed&apos;: 1.1682510375976562e-05}
{&apos;locator&apos;: {&apos;type&apos;: &apos;id&apos;, &apos;value&apos;: &apos;searchGadget&apos;}, &apos;provider&apos;: &apos;selenium&apos;, &apos;text&apos;: &apos;plone 5&apos;, &apos;type&apos;: &apos;setElementText&apos;, &apos;_elapsed&apos;: 1.1019845008850098}
{&apos;name&apos;: &apos;load_time&apos;, &apos;provider&apos;: &apos;metrics&apos;, &apos;type&apos;: &apos;record_elapsed_stop&apos;, &apos;_elapsed&apos;: 1.9788742065429688e-05}
{&apos;name&apos;: &apos;live_search_time&apos;, &apos;provider&apos;: &apos;metrics&apos;, &apos;type&apos;: &apos;record_elapsed_start&apos;, &apos;_elapsed&apos;: 1.0013580322265625e-05}
{&apos;locator&apos;: {&apos;type&apos;: &apos;css&apos;, &apos;value&apos;: &apos;li[data-url$=&quot;https://www.plone-demo.info/front-page&quot;]&apos;}, &apos;provider&apos;: &apos;selenium&apos;, &apos;type&apos;: &apos;waitForElementVisible&apos;, &apos;_elapsed&apos;: 1.060795545578003}
{&apos;name&apos;: &apos;live_search_time&apos;, &apos;provider&apos;: &apos;metrics&apos;, &apos;type&apos;: &apos;record_elapsed_stop&apos;, &apos;_elapsed&apos;: 2.3603439331054688e-05}
</system-out></testcase></testsuite>