<?xml version="1.0" encoding="utf-8"?><testsuite errors="0" failures="0" name="pytest" skipped="0" tests="3" time="2.312"><testcase classname="test_categories.yml" file="test_categories.yml" name="test_categories.yml0" time="1.034"><properties><property name="categories_time" value="610.3124618530273"/></properties><system-out>{&apos;expression&apos;: &quot;&apos;dev&apos; in response.json()&quot;, &apos;provider&apos;: &apos;play_requests&apos;, &apos;type&apos;: &apos;GET&apos;, &apos;url&apos;: &apos;https://api.chucknorris.io/jokes/categories&apos;, &apos;_elapsed&apos;: 0.6103124618530273}
{&apos;expression&apos;: &quot;variables[&apos;_elapsed&apos;]*1000&quot;, &apos;provider&apos;: &apos;python&apos;, &apos;type&apos;: &apos;exec&apos;, &apos;_elapsed&apos;: 0.0006859302520751953}
{&apos;expression&apos;: &quot;variables[&apos;_elapsed&apos;]*1000&quot;, &apos;name&apos;: &apos;categories_time&apos;, &apos;provider&apos;: &apos;metrics&apos;, &apos;type&apos;: &apos;record_property&apos;, &apos;_elapsed&apos;: 0.006484270095825195}
{&apos;comment&apos;: &apos;you can make an assertion against the categories_time&apos;, &apos;expression&apos;: &quot;variables[&apos;categories_time&apos;] &lt; 2500&quot;, &apos;provider&apos;: &apos;python&apos;, &apos;type&apos;: &apos;assert&apos;, &apos;_elapsed&apos;: 0.0005526542663574219}
</system-out></testcase><testcase classname="test_categories.yml" file="test_categories.yml" name="test_categories.yml1" time="0.550"><properties><property name="categories_time" value="443.72105598449707"/></properties><system-out>{&apos;expression&apos;: &quot;&apos;movie&apos; in response.json()&quot;, &apos;provider&apos;: &apos;play_requests&apos;, &apos;type&apos;: &apos;GET&apos;, &apos;url&apos;: &apos;https://api.chucknorris.io/jokes/categories&apos;, &apos;_elapsed&apos;: 0.44372105598449707}
{&apos;expression&apos;: &quot;variables[&apos;_elapsed&apos;]*1000&quot;, &apos;provider&apos;: &apos;python&apos;, &apos;type&apos;: &apos;exec&apos;, &apos;_elapsed&apos;: 0.0009415149688720703}
{&apos;expression&apos;: &quot;variables[&apos;_elapsed&apos;]*1000&quot;, &apos;name&apos;: &apos;categories_time&apos;, &apos;provider&apos;: &apos;metrics&apos;, &apos;type&apos;: &apos;record_property&apos;, &apos;_elapsed&apos;: 0.01613616943359375}
{&apos;comment&apos;: &apos;you can make an assertion against the categories_time&apos;, &apos;expression&apos;: &quot;variables[&apos;categories_time&apos;] &lt; 2500&quot;, &apos;provider&apos;: &apos;python&apos;, &apos;type&apos;: &apos;assert&apos;, &apos;_elapsed&apos;: 0.0011241436004638672}
</system-out></testcase><testcase classname="test_categories.yml" file="test_categories.yml" name="test_categories.yml2" time="0.676"><properties><property name="categories_time" value="576.5485763549805"/></properties><system-out>{&apos;expression&apos;: &quot;&apos;food&apos; in response.json()&quot;, &apos;provider&apos;: &apos;play_requests&apos;, &apos;type&apos;: &apos;GET&apos;, &apos;url&apos;: &apos;https://api.chucknorris.io/jokes/categories&apos;, &apos;_elapsed&apos;: 0.5765485763549805}
{&apos;expression&apos;: &quot;variables[&apos;_elapsed&apos;]*1000&quot;, &apos;provider&apos;: &apos;python&apos;, &apos;type&apos;: &apos;exec&apos;, &apos;_elapsed&apos;: 0.0006375312805175781}
{&apos;expression&apos;: &quot;variables[&apos;_elapsed&apos;]*1000&quot;, &apos;name&apos;: &apos;categories_time&apos;, &apos;provider&apos;: &apos;metrics&apos;, &apos;type&apos;: &apos;record_property&apos;, &apos;_elapsed&apos;: 0.006584644317626953}
{&apos;comment&apos;: &apos;you can make an assertion against the categories_time&apos;, &apos;expression&apos;: &quot;variables[&apos;categories_time&apos;] &lt; 2500&quot;, &apos;provider&apos;: &apos;python&apos;, &apos;type&apos;: &apos;assert&apos;, &apos;_elapsed&apos;: 0.0005452632904052734}
</system-out></testcase></testsuite>