<?xml version="1.0" encoding="utf-8"?><testsuite errors="0" failures="0" name="pytest" skipped="0" tests="3" time="0.460"><testcase classname="test_categories.yml" file="test_categories.yml" name="test_categories.yml0" time="0.326"><properties><property name="category" value="DEV"/></properties><system-out>{&apos;expression&apos;: &apos;variables[&quot;category&quot;].upper()&apos;, &apos;provider&apos;: &apos;python&apos;, &apos;type&apos;: &apos;exec&apos;, &apos;_elapsed&apos;: 0.0007135868072509766}
{&apos;comment&apos;: &apos;you can track whatever you want&apos;, &apos;expression&apos;: &apos;variables[&quot;category&quot;].upper()&apos;, &apos;name&apos;: &apos;category&apos;, &apos;provider&apos;: &apos;metrics&apos;, &apos;type&apos;: &apos;record_property&apos;, &apos;_elapsed&apos;: 0.005518913269042969}
</system-out></testcase><testcase classname="test_categories.yml" file="test_categories.yml" name="test_categories.yml1" time="0.043"><properties><property name="category" value="MOVIE"/></properties><system-out>{&apos;expression&apos;: &apos;variables[&quot;category&quot;].upper()&apos;, &apos;provider&apos;: &apos;python&apos;, &apos;type&apos;: &apos;exec&apos;, &apos;_elapsed&apos;: 0.0005996227264404297}
{&apos;comment&apos;: &apos;you can track whatever you want&apos;, &apos;expression&apos;: &apos;variables[&quot;category&quot;].upper()&apos;, &apos;name&apos;: &apos;category&apos;, &apos;provider&apos;: &apos;metrics&apos;, &apos;type&apos;: &apos;record_property&apos;, &apos;_elapsed&apos;: 0.00569915771484375}
</system-out></testcase><testcase classname="test_categories.yml" file="test_categories.yml" name="test_categories.yml2" time="0.045"><properties><property name="category" value="FOOD"/></properties><system-out>{&apos;expression&apos;: &apos;variables[&quot;category&quot;].upper()&apos;, &apos;provider&apos;: &apos;python&apos;, &apos;type&apos;: &apos;exec&apos;, &apos;_elapsed&apos;: 0.0005433559417724609}
{&apos;comment&apos;: &apos;you can track whatever you want&apos;, &apos;expression&apos;: &apos;variables[&quot;category&quot;].upper()&apos;, &apos;name&apos;: &apos;category&apos;, &apos;provider&apos;: &apos;metrics&apos;, &apos;type&apos;: &apos;record_property&apos;, &apos;_elapsed&apos;: 0.005927085876464844}
</system-out></testcase></testsuite>