<?xml version="1.0" encoding="utf-8"?><testsuite errors="0" failures="0" name="pytest" skipped="0" tests="1" time="0.360"><testcase classname="test_assertion.yml" file="test_assertion.yml" name="test_assertion.yml" time="0.326"><system-out>{&apos;expression&apos;: &apos;1 == 1&apos;, &apos;provider&apos;: &apos;python&apos;, &apos;type&apos;: &apos;assert&apos;, &apos;_elapsed&apos;: 0.0003077983856201172}
{&apos;expression&apos;: &apos;0 == 0&apos;, &apos;provider&apos;: &apos;python&apos;, &apos;type&apos;: &apos;assert&apos;, &apos;_elapsed&apos;: 0.0002529621124267578}
</system-out></testcase></testsuite>